<?xml version="1.0" encoding="UTF-8" standalone="no"?><testsuite errors="0" failures="1" name="Google Traslate" skipped="0" tests="1" time="18.2" timestamp="2022-06-14 05:10:25"><testcase name="Translate from Spanish to English"><failure message="Expected condition failed: waiting for By.xpath: //span[contains(text(),'Traductor')] to be present (tried for 5 second(s) with 100 milliseconds interval)&#10;Build info: version: '4.1.2', revision: '9a5a329c5a'&#10;System info: host: 'N-365', ip: '192.168.1.3', os.name: 'Windows 10', os.arch: 'amd64', os.version: '10.0', java.version: '11.0.15'&#10;Driver info: driver.version: unknown" type="net.thucydides.core.webdriver.exceptions.ElementShouldBePresentException">Expected condition failed: waiting for By.xpath: //span[contains(text(),'Traductor')] to be present (tried for 5 second(s) with 100 milliseconds interval)
Build info: version: '4.1.2', revision: '9a5a329c5a'
System info: host: 'N-365', ip: '192.168.1.3', os.name: 'Windows 10', os.arch: 'amd64', os.version: '10.0', java.version: '11.0.15'
Driver info: driver.version: unknown</failure><system-err>Expected condition failed: waiting for By.xpath: //span[contains(text(),'Traductor')] to be present (tried for 5 second(s) with 100 milliseconds interval)
Build info: version: '4.1.2', revision: '9a5a329c5a'
System info: host: 'N-365', ip: '192.168.1.3', os.name: 'Windows 10', os.arch: 'amd64', os.version: '10.0', java.version: '11.0.15'
Driver info: driver.version: unknown&#13;
com.librerianacional.certification.LibreriaNacional.tasks.GoTo.performAs(GoTo.java:30)&#13;
com.librerianacional.certification.LibreriaNacional.stepdefinitions.GoogleTraslateStepDefinitions.theUserGoesTo(GoogleTraslateStepDefinitions.java:63)&#13;
io.cucumber.java.Invoker.doInvoke(Invoker.java:66)&#13;
io.cucumber.java.Invoker.invoke(Invoker.java:24)&#13;
io.cucumber.java.AbstractGlueDefinition.invokeMethod(AbstractGlueDefinition.java:47)&#13;
io.cucumber.java.JavaStepDefinition.execute(JavaStepDefinition.java:29)&#13;
io.cucumber.core.runner.CoreStepDefinition.execute(CoreStepDefinition.java:66)&#13;
io.cucumber.core.runner.PickleStepDefinitionMatch.runStep(PickleStepDefinitionMatch.java:63)&#13;
io.cucumber.core.runner.TestStep.executeStep(TestStep.java:86)&#13;
io.cucumber.core.runner.TestStep.run(TestStep.java:57)&#13;
io.cucumber.core.runner.PickleStepTestStep.run(PickleStepTestStep.java:51)&#13;
io.cucumber.core.runner.TestCase.run(TestCase.java:95)&#13;
io.cucumber.core.runner.Runner.runPickle(Runner.java:75)&#13;
io.cucumber.core.runtime.CucumberExecutionContext.lambda$runTestCase$3(CucumberExecutionContext.java:110)&#13;
io.cucumber.core.runtime.RethrowingThrowableCollector.executeAndThrow(RethrowingThrowableCollector.java:23)&#13;
io.cucumber.core.runtime.CucumberExecutionContext.runTestCase(CucumberExecutionContext.java:110)&#13;
io.cucumber.junit.FeatureRunner.runChild(FeatureRunner.java:144)&#13;
io.cucumber.junit.FeatureRunner.runChild(FeatureRunner.java:28)&#13;
io.cucumber.junit.FeatureRunner.run(FeatureRunner.java:137)&#13;
io.cucumber.junit.CucumberSerenityRunner.runChild(CucumberSerenityRunner.java:259)&#13;
io.cucumber.junit.CucumberSerenityRunner.runChild(CucumberSerenityRunner.java:58)&#13;
</system-err></testcase></testsuite>