<?xml version="1.0" encoding="UTF-8"?><testsuite errors="0" failures="1" name="Login" skipped="0" tests="1" time="132.02" timestamp="2021-01-08 08:04:23"><testcase name="Search and Buy online for LibreriaNacional"><failure message="Loguin errado para el usuario. - org.openqa.selenium.NoSuchElementException: Expected condition failed: waiting for By.xpath: /html[1]/body[1]/app-root[1]/div[1]/app-mi-cuenta[1]/div[2]/div[1]/div[1]/div[1]/div[1]/div[1]/div[1]/div[2]/div[1]/div[1] to be displayed (tried for 5 second(s) with 100 milliseconds interval)&#10;Build info: version: '3.11.0', revision: 'e59cfb3', time: '2018-03-11T20:26:55.152Z'&#10;System info: host: 'CO-DEV-04', ip: '192.168.2.16', os.name: 'Windows 10', os.arch: 'amd64', os.version: '10.0', java.version: '1.8.0_181'&#10;Driver info: driver.version: unknown" type="java.lang.AssertionError">Loguin errado para el usuario. - org.openqa.selenium.NoSuchElementException: Expected condition failed: waiting for By.xpath: /html[1]/body[1]/app-root[1]/div[1]/app-mi-cuenta[1]/div[2]/div[1]/div[1]/div[1]/div[1]/div[1]/div[1]/div[2]/div[1]/div[1] to be displayed (tried for 5 second(s) with 100 milliseconds interval)
Build info: version: '3.11.0', revision: 'e59cfb3', time: '2018-03-11T20:26:55.152Z'
System info: host: 'CO-DEV-04', ip: '192.168.2.16', os.name: 'Windows 10', os.arch: 'amd64', os.version: '10.0', java.version: '1.8.0_181'
Driver info: driver.version: unknown</failure><system-err>Loguin errado para el usuario. - org.openqa.selenium.NoSuchElementException: Expected condition failed: waiting for By.xpath: /html[1]/body[1]/app-root[1]/div[1]/app-mi-cuenta[1]/div[2]/div[1]/div[1]/div[1]/div[1]/div[1]/div[1]/div[2]/div[1]/div[1] to be displayed (tried for 5 second(s) with 100 milliseconds interval)
Build info: version: '3.11.0', revision: 'e59cfb3', time: '2018-03-11T20:26:55.152Z'
System info: host: 'CO-DEV-04', ip: '192.168.2.16', os.name: 'Windows 10', os.arch: 'amd64', os.version: '10.0', java.version: '1.8.0_181'
Driver info: driver.version: unknown&#13;
com.librerianacional.certification.LibreriaNacional.stepdefinitions.SteptostepV2LibreriaNacionalLoginStepDefinitions.heMustAccessTheHomepage(SteptostepV2LibreriaNacionalLoginStepDefinitions.java:93)&#13;
✽.he must access the homepage(src/test/resources/feature/feature.feature:13)&#13;
</system-err></testcase></testsuite>