<?xml version="1.0" encoding="UTF-8"?><testsuite errors="0" failures="1" name="Google Traslate" skipped="0" tests="1" time="15.72" timestamp="2021-01-08 09:13:29"><testcase name="Translate from Spanish to English"><failure message="The following error occurred: Expected enabled element was not enabled" type="net.thucydides.core.webdriver.exceptions.ElementShouldBeEnabledException">The following error occurred: Expected enabled element was not enabled</failure><system-err>The following error occurred: Expected enabled element was not enabled&#13;
com.librerianacional.certification.LibreriaNacional.tasks.GoTo.performAs(GoTo.java:30)&#13;
com.librerianacional.certification.LibreriaNacional.stepdefinitions.GoogleTraslateStepDefinitions.theUserGoesTo(GoogleTraslateStepDefinitions.java:53)&#13;
cucumber.runner.Runner.runPickle(Runner.java:80)&#13;
org.eclipse.jdt.internal.junit4.runner.JUnit4TestReference.run(JUnit4TestReference.java:89)&#13;
org.eclipse.jdt.internal.junit.runner.TestExecution.run(TestExecution.java:41)&#13;
org.eclipse.jdt.internal.junit.runner.RemoteTestRunner.runTests(RemoteTestRunner.java:542)&#13;
org.eclipse.jdt.internal.junit.runner.RemoteTestRunner.runTests(RemoteTestRunner.java:770)&#13;
org.eclipse.jdt.internal.junit.runner.RemoteTestRunner.run(RemoteTestRunner.java:464)&#13;
org.eclipse.jdt.internal.junit.runner.RemoteTestRunner.main(RemoteTestRunner.java:210)&#13;
</system-err></testcase></testsuite>